Thu Dec  7 21:11:36 2017
0,www.torproject.org
1,www.google.com
2,www.huffpostarabi.com
Thu Dec  7 21:43:22 2017
0,www.www.torproject.org
1,www.www.google.com.eg
2,www.www.roletaryk.info
3,www.www.huffpostarabi.com
Thu Dec  7 21:44:21 2017
0,www.torproject.org
Thu Dec  7 21:44:38 2017
0,www.torproject.org
Thu Dec  7 21:44:46 2017
0,www.torproject.org
2,www.roletaryk.info
Thu Dec  7 22:04:43 2017
0,www.torproject.org
Thu Dec  7 22:19:16 2017
0,www.torproject.org
Thu Dec  7 22:23:10 2017
Thu Dec  7 22:23:30 2017
0,www.torproject.org
3,www.huffpostarabi.com
Fri Dec  8 00:59:54 2017
0,baidu.com
1,live.com
2,facebook.com
3,wikia.com
4,yahoo.com
5,linkedin.com
6,qq.com
7,reddit.com
8,google.com
9,google.de
10,google.com.br
11,google.fr
12,google.co.uk
13,google.co.in
14,tianya.cn
15,popads.net
16,weibo.com
17,messenger.com
18,vimeo.com
19,microsoftonline.com
20,yahoo.co.jp
21,amazon.co.jp
22,tumblr.com
23,xvideos.com
24,vk.com
26,office.com
27,xnxx.com
28,github.com
29,instagram.com
30,pornhub.com
31,mail.ru
32,microsoft.com
33,quora.com
34,slideshare.net
35,bbc.co.uk
36,imdb.com
37,espn.com
38,amazon.in
39,amazon.com
40,google.co.jp
41,twitter.com
42,google.ca
43,netflix.com
44,yandex.ru
45,google.com.tw
46,google.es
47,wordpress.com
48,msn.com
49,lefigaro.fr
50,google.com.hk
51,google.be
52,nypost.com
53,google.co.za
54,drtuber.com
55,scribol.com
56,samsung.com
57,google.co.ve
58,imgur.com
59,cbsnews.com
60,google.com.tr
61,google.se
62,google.com.sa
63,craigslist.org
64,google.gr
65,myway.com
66,google.com.ph
67,twitch.tv
68,google.ae
69,outbrain.com
70,xhamster.com
71,google.ro
72,detail.tmall.com
73,autodesk.com
74,tabelog.com
75,jimdo.com
76,tribunnews.com
77,redtube.com
78,vice.com
79,39.net
80,pipeschannels.com
81,dailymotion.com
83,indeed.com
84,wetransfer.com
85,globo.com
86,wp.pl
87,delta.com
88,google.com.au
89,springer.com
90,gmx.net
91,alicdn.com
92,azlyrics.com
Fri Dec  8 01:59:14 2017
0,baidu.com
1,outlook.live.com
2,www.facebook.com
3,www.wikia.com
4,maktoob.yahoo.com
5,www.linkedin.com
6,www.qq.com
Fri Dec  8 02:00:39 2017
0,baidu.com
1,outlook.live.com
2,www.facebook.com
3,www.wikia.com
4,maktoob.yahoo.com
5,www.linkedin.com
6,www.qq.com
Fri Dec  8 02:01:42 2017
Fri Dec  8 02:02:02 2017
0,baidu.com
1,live.com
2,ive.com
Fri Dec  8 02:38:41 2017
Fri Dec  8 02:42:21 2017
0,baidu.com
1,outlook.live.com
2,www.facebook.com
3,www.wikia.com
4,maktoob.yahoo.com
5,www.linkedin.com
6,www.qq.com
Fri Dec  8 02:47:57 2017
0,baidu.com
Fri Dec  8 03:17:33 2017
1,outlook.live.com
2,www.facebook.com
3,www.wikia.com
Fri Dec  8 03:19:30 2017
1,outlook.live.com
2,www.facebook.com
3,www.wikia.com
Fri Dec  8 03:30:08 2017
2,www.facebook.com
3,www.wikia.com
5,www.linkedin.com
6,www.qq.com
Fri Dec  8 03:32:33 2017
2,www.facebook.com
3,www.wikia.com
5,www.linkedin.com
6,www.qq.com
Sun Dec 10 10:05:50 2017
2,www.facebook.com
3,www.wikia.com
5,www.linkedin.com
6,www.qq.com
Sun Dec 10 10:13:03 2017
Sun Dec 10 10:16:00 2017
Sun Dec 10 10:29:21 2017
Sun Dec 10 10:32:42 2017
4,www.huffpostarabi.com
7,www.torproject.org
